app/seeds.txt
com.vhennus.general.data.AppDatabase_Impl
com.vhennus.profile.data.ProfileViewModel$sendFriendRequest$2$1$genericType$1
com.vhennus.profile.data.ProfileViewModel$searchProfiles$2$1$genericType$1
com.vhennus.general.data.APIService
com.vhennus.profile.data.ProfileViewModel$updateNotificationToken$1$1$genericType$1
com.vhennus.auth.data.AuthViewModel$login$2$1$genericType$1
com.vhennus.trade.data.OrderViewModel$getSingleSellOrders$2$1$genericType$1
com.vhennus.auth.domain.SignupResp
com.vhennus.auth.domain.SignupResp$$serializer
com.vhennus.feed.data.FeedViewModel$getAllUserPosts$1$1$genericType$1
com.vhennus.general.utils.MyFirebaseMessagingService
com.vhennus.auth.data.AuthViewModel
com.vhennus.auth.data.AuthViewModel$verifyAccount$2$1$genericType$1
com.vhennus.auth.domain.ConfirmAccountReq$Companion
com.vhennus.chat.data.ChatViewModel$getAllChats$2$1$genericType$1
com.vhennus.auth.domain.ChangePasswordReq$Companion
com.vhennus.auth.data.AuthViewModel$signup$2$1$genericType$1
com.vhennus.general.domain.GenericRespAdapter
com.vhennus.feed.data.FeedViewModel$likePost$1$1$genericType$1
com.vhennus.auth.domain.ConfirmAccountReq
com.vhennus.general.domain.GenericResp
com.vhennus.trivia.data.TriviaViewModel
com.vhennus.feed.data.FeedViewModel$createPost$2$1$genericType$1
com.vhennus.Application_GeneratedInjector
com.vhennus.feed.data.FeedViewModel$getAllMyPosts$1$1$genericType$1
com.vhennus.Application
com.vhennus.profile.data.ProfileViewModel$rejectFriendRequest$2$1$genericType$1
com.vhennus.general.domain.GenericRespAdapterFactory
com.vhennus.trade.data.OrderViewModel$getSingleBuyOrder$2$1$genericType$1
com.vhennus.chat.data.ChatViewModel$createChat$2$1$genericType$1
com.vhennus.auth.domain.SignupReq
com.vhennus.auth.domain.ChangePasswordReq$$serializer
com.vhennus.auth.domain.GetResetPasswordCodeReq$$serializer
com.vhennus.general.data.GeneralViewModel
com.vhennus.chat.data.ChatViewModel
com.vhennus.trivia.data.TriviaViewModel$getTriviaGame$2$1$genericType$1
com.vhennus.trade.data.OrderViewModel$getAllMyPaymentMethods$1$1$genericType$1
com.vhennus.trade.data.OrderViewModel$createBuyOrder$2$1$genericType$1
com.vhennus.auth.domain.LoginResp
com.vhennus.auth.domain.ChangePasswordReq
com.vhennus.trade.data.OrderViewModel$createSellOrder$2$1$genericType$1
com.vhennus.feed.data.FeedViewModel$getSinglePosts$1$1$genericType$1
com.vhennus.auth.domain.USER_TYPE$Companion
com.vhennus.MainActivity_GeneratedInjector
com.vhennus.trade.data.OrderViewModel$addPaymentMethods$1$1$genericType$1
com.vhennus.chat.data.ChatViewModel$findChatPair$2$1$genericType$1
com.vhennus.auth.domain.GetResetPasswordCodeReq
com.vhennus.auth.domain.AuthUIState
com.vhennus.trade.data.OrderViewModel$getExchangeRate$1$1$genericType$1
com.vhennus.feed.data.FeedViewModel$getAllPosts$2$1$genericType$1
com.vhennus.feed.data.FeedViewModel$createComment$1$1$genericType$1
com.vhennus.auth.domain.LoginReq
com.vhennus.auth.data.AuthViewModel$getSystemData$1$1$genericType$1
com.vhennus.profile.data.ProfileViewModel$getMyFriendRequests$2$1$genericType$1
com.vhennus.auth.domain.ResendCodeReq$$serializer
com.vhennus.trade.data.OrderViewModel
com.vhennus.profile.data.ProfileViewModel$getUserProfile$2$1$genericType$1
com.vhennus.general.data.AppDatabase
com.vhennus.wallet.data.WalletViewModel$getExchangeRate$1$1$genericType$1
com.vhennus.auth.domain.SignupReq$$serializer
com.vhennus.trade.data.OrderViewModel$cancelSellOrder$2$1$genericType$1
com.vhennus.profile.data.ProfileViewModel$getMyProfile$2$1$genericType$1
com.vhennus.trivia.data.TriviaViewModel$playTriviaGame$2$1$genericType$1
com.vhennus.chat.data.ChatViewModel$getAllChatsByPair$2$1$genericType$1
com.vhennus.auth.domain.SignupResp$Companion
com.vhennus.chat.data.ChatViewModel$getAllMyChatPairs$2$1$genericType$1
com.vhennus.general.utils.ImageUploadWorker
com.vhennus.auth.domain.LoginReq$Companion
com.vhennus.MainActivity
com.vhennus.auth.domain.ConfirmAccountReq$$serializer
...
androidx.appcompat.widget.AppCompatTextHelper$Api26Impl: int getAutoSizeStepGranularity(android.widget.TextView)
okhttp3.internal.platform.android.AndroidLogHandler: void publish(java.util.logging.LogRecord)
okio.FileMetadata: java.lang.Long getSize()
io.sentry.SentryOptions: io.sentry.SentryOptions$RequestSize getMaxRequestBodySize()
com.google.gson.internal.bind.TypeAdapters$8: java.lang.Object read(com.google.gson.stream.JsonReader)
okhttp3.OkHttpClient: okhttp3.Authenticator proxyAuthenticator()
com.google.android.gms.measurement.AppMeasurement: void beginAdUnitExposure(java.lang.String)
org.ocpsoft.prettytime.i18n.Resources_sq: Resources_sq()
okhttp3.internal.platform.Platform: javax.net.ssl.SSLSocketFactory newSslSocketFactory(javax.net.ssl.X509TrustManager)
okhttp3.internal.cache.CacheInterceptor$Companion: CacheInterceptor$Companion()
okhttp3.Cookie: boolean matches(okhttp3.HttpUrl)
okhttp3.internal.ws.MessageInflater: void close()
com.google.gson.internal.LinkedTreeMap$EntrySet: void clear()
androidx.appcompat.widget.SearchView: void setQueryRefinementEnabled(boolean)
okhttp3.RequestBody$Companion$asRequestBody$1: RequestBody$Companion$asRequestBody$1(okhttp3.MediaType,java.io.File)
okhttp3.OkHttpClient$Builder: void setDispatcher$okhttp(okhttp3.Dispatcher)
androidx.compose.material3.internal.InputPhase: androidx.compose.material3.internal.InputPhase valueOf(java.lang.String)
com.google.gson.JsonPrimitive: char getAsCharacter()
okhttp3.internal.http2.Http2ExchangeCodec: okio.Sink createRequestBody(okhttp3.Request,long)
okio.FileHandle: FileHandle(boolean)
okio.RealBufferedSink: okio.Buffer getBuffer()
okhttp3.HttpUrl: java.lang.String encodedPath()
okio.HashingSource: HashingSource(okio.Source,javax.crypto.Mac)
okio.BufferedSink: okio.BufferedSink writeLongLe(long)
okhttp3.internal.Util: int delimiterOffset(java.lang.String,java.lang.String,int,int)
okhttp3.OkHttpClient: java.util.List access$getDEFAULT_CONNECTION_SPECS$cp()
okhttp3.Challenge: java.util.Map authParams()
com.google.gson.Gson$1: Gson$1(com.google.gson.Gson)
okio.internal._ByteStringKt: byte commonGetByte(okio.ByteString,int)
com.google.gson.internal.bind.TypeAdapters$14: TypeAdapters$14()
okio.BufferedSource: java.lang.String readUtf8(long)
com.google.gson.internal.$Gson$Types: $Gson$Types()
okhttp3.ResponseBody: java.nio.charset.Charset charset()
okio.GzipSink: void close()
okio.HashingSink: HashingSink(okio.Sink,java.lang.String)
okhttp3.MediaType$Companion: okhttp3.MediaType -deprecated_parse(java.lang.String)
androidx.appcompat.widget.ActionBarContextView: void setSubtitle(java.lang.CharSequence)
com.google.gson.internal.bind.DefaultDateTypeAdapter: DefaultDateTypeAdapter(com.google.gson.internal.bind.DefaultDateTypeAdapter$DateType,int,int,com.google.gson.internal.bind.DefaultDateTypeAdapter$1)
androidx.appcompat.widget.AppCompatCheckBox: void setButtonDrawable(android.graphics.drawable.Drawable)
kotlin.reflect.KTypeProjection: int hashCode()
okhttp3.FormBody: java.lang.String encodedName(int)
com.google.android.material.timepicker.ChipTextInputComboView: ChipTextInputComboView(android.content.Context,android.util.AttributeSet)
okhttp3.internal.cache2.Relay$Companion: Relay$Companion()
okio.Buffer: okio.Buffer writeTo(java.io.OutputStream)
com.google.gson.stream.JsonReader: java.lang.IllegalStateException unexpectedTokenError(java.lang.String)
androidx.appcompat.widget.AppCompatRadioButton: void setSupportBackgroundTintMode(android.graphics.PorterDuff$Mode)
androidx.privacysandbox.ads.adservices.java.measurement.MeasurementManagerFutures$Api33Ext5JavaImpl: com.google.common.util.concurrent.ListenableFuture registerTriggerAsync(android.net.Uri)
com.google.android.material.appbar.AppBarLayout$ScrollingViewBehavior: AppBarLayout$ScrollingViewBehavior(android.content.Context,android.util.AttributeSet)
retrofit2.converter.gson.GsonResponseBodyConverter: java.lang.Object convert(java.lang.Object)